<?xml version="1.0" encoding="UTF-8"?>
<!-- Generated by org.testng.reporters.JUnitReportReporter -->
<testsuite hostname="DESKTOP-5P66Q0S" failures="0" tests="1" name="com.shop.TestCases.TC_LoginTest_001" time="26.457" errors="0" timestamp="2022-10-20T22:18:47 IST" skipped="0">
  <testcase classname="com.shop.TestCases.TC_LoginTest_001" name="logintest" time="26.457"/>
  <system-out/>
</testsuite> <!-- com.shop.TestCases.TC_LoginTest_001 -->
