<?xml version="1.0" encoding="UTF-8"?>
<!-- Generated by org.testng.reporters.JUnitReportReporter -->
<testsuite hostname="DESKTOP-5P66Q0S" failures="0" tests="1" name="com.shop.TestCases.TC_CheckOutTest_001" time="27.554" errors="0" timestamp="2022-10-21T15:27:40 IST" skipped="0">
  <testcase classname="com.shop.TestCases.TC_CheckOutTest_001" name="checkout" time="27.554"/>
  <system-out/>
</testsuite> <!-- com.shop.TestCases.TC_CheckOutTest_001 -->
